2020-03-20 16:00:01 myhttp begin
2020-03-20 16:00:37 accept by 127.0.0.1
2020-03-20 16:00:37 GET / HTTP/1.1
Host: 127.0.0.1
Connection: keep-alive
Upgrade-Insecure-Requests: 1
User-Agent: Mozilla/5.0 (X11; Linux x86_64) AppleWebKit/537.36 (KHTML, like Gecko) Chrome/80.0.3987.122 Safari/537.36
Sec-Fetch-Dest: document
Accept: text/html,application/xhtml+xml,application/xml;q=0.9,image/webp,image/apng,*/*;q=0.8,application/signed-exchange;v=b3;q=0.9
Sec-Fetch-Site: none
Sec-Fetch-Mode: navigate
Accept-Encoding: gzip, deflate, br
Accept-Language: en-US,en;q=0.9,zh-CN;q=0.8,zh;q=0.7


2020-03-20 16:00:37 accept by 127.0.0.1
2020-03-20 16:00:37 GET /images/bdlogo.gif HTTP/1.1
Host: 127.0.0.1
Connection: keep-alive
User-Agent: Mozilla/5.0 (X11; Linux x86_64) AppleWebKit/537.36 (KHTML, like Gecko) Chrome/80.0.3987.122 Safari/537.36
Sec-Fetch-Dest: image
Accept: image/webp,image/apng,image/*,*/*;q=0.8
Sec-Fetch-Site: same-origin
Sec-Fetch-Mode: no-cors
Referer: http://127.0.0.1/
Accept-Encoding: gzip, deflate, br
Accept-Language: en-US,en;q=0.9,zh-CN;q=0.8,zh;q=0.7


2020-03-20 16:00:37 accept by 127.0.0.1
2020-03-20 16:00:37 GET /favicon.ico HTTP/1.1
Host: 127.0.0.1
Connection: keep-alive
User-Agent: Mozilla/5.0 (X11; Linux x86_64) AppleWebKit/537.36 (KHTML, like Gecko) Chrome/80.0.3987.122 Safari/537.36
Sec-Fetch-Dest: image
Accept: image/webp,image/apng,image/*,*/*;q=0.8
Sec-Fetch-Site: same-origin
Sec-Fetch-Mode: no-cors
Referer: http://127.0.0.1/
Accept-Encoding: gzip, deflate, br
Accept-Language: en-US,en;q=0.9,zh-CN;q=0.8,zh;q=0.7


2020-03-20 16:00:56 accept by 127.0.0.1
2020-03-20 16:00:56 GET /hello.cgi HTTP/1.1
Host: 127.0.0.1
Connection: keep-alive
Upgrade-Insecure-Requests: 1
User-Agent: Mozilla/5.0 (X11; Linux x86_64) AppleWebKit/537.36 (KHTML, like Gecko) Chrome/80.0.3987.122 Safari/537.36
Sec-Fetch-Dest: document
Accept: text/html,application/xhtml+xml,application/xml;q=0.9,image/webp,image/apng,*/*;q=0.8,application/signed-exchange;v=b3;q=0.9
Sec-Fetch-Site: none
Sec-Fetch-Mode: navigate
Sec-Fetch-User: ?1
Accept-Encoding: gzip, deflate, br
Accept-Language: en-US,en;q=0.9,zh-CN;q=0.8,zh;q=0.7


2020-03-20 16:00:56 accept by 127.0.0.1
2020-03-20 16:00:56 GET /images/11.jpg HTTP/1.1
Host: 127.0.0.1
Connection: keep-alive
User-Agent: Mozilla/5.0 (X11; Linux x86_64) AppleWebKit/537.36 (KHTML, like Gecko) Chrome/80.0.3987.122 Safari/537.36
Sec-Fetch-Dest: image
Accept: image/webp,image/apng,image/*,*/*;q=0.8
Sec-Fetch-Site: same-origin
Sec-Fetch-Mode: no-cors
Referer: http://127.0.0.1/hello.cgi
Accept-Encoding: gzip, deflate, br
Accept-Language: en-US,en;q=0.9,zh-CN;q=0.8,zh;q=0.7


2020-03-20 16:01:23 accept by 127.0.0.1
2020-03-20 16:01:23 accept by 127.0.0.1
2020-03-20 16:01:28 GET /s.cgi?wd=sdsd HTTP/1.1
Host: 127.0.0.1
Connection: keep-alive
Upgrade-Insecure-Requests: 1
User-Agent: Mozilla/5.0 (X11; Linux x86_64) AppleWebKit/537.36 (KHTML, like Gecko) Chrome/80.0.3987.122 Safari/537.36
Sec-Fetch-Dest: document
Accept: text/html,application/xhtml+xml,application/xml;q=0.9,image/webp,image/apng,*/*;q=0.8,application/signed-exchange;v=b3;q=0.9
Sec-Fetch-Site: same-origin
Sec-Fetch-Mode: navigate
Sec-Fetch-User: ?1
Referer: http://127.0.0.1/
Accept-Encoding: gzip, deflate, br
Accept-Language: en-US,en;q=0.9,zh-CN;q=0.8,zh;q=0.7


2020-03-20 16:01:28 GET /images/bdlogo.gif HTTP/1.1
Host: 127.0.0.1
Connection: keep-alive
User-Agent: Mozilla/5.0 (X11; Linux x86_64) AppleWebKit/537.36 (KHTML, like Gecko) Chrome/80.0.3987.122 Safari/537.36
Sec-Fetch-Dest: image
Accept: image/webp,image/apng,image/*,*/*;q=0.8
Sec-Fetch-Site: same-origin
Sec-Fetch-Mode: no-cors
Referer: http://127.0.0.1/s.cgi?wd=sdsd
Accept-Encoding: gzip, deflate, br
Accept-Language: en-US,en;q=0.9,zh-CN;q=0.8,zh;q=0.7


2020-03-20 16:01:30 accept by 127.0.0.1
2020-03-20 16:01:30 GET /s.cgi?wd=sdsd HTTP/1.1
Host: 127.0.0.1
Connection: keep-alive
Upgrade-Insecure-Requests: 1
User-Agent: Mozilla/5.0 (X11; Linux x86_64) AppleWebKit/537.36 (KHTML, like Gecko) Chrome/80.0.3987.122 Safari/537.36
Sec-Fetch-Dest: document
Accept: text/html,application/xhtml+xml,application/xml;q=0.9,image/webp,image/apng,*/*;q=0.8,application/signed-exchange;v=b3;q=0.9
Sec-Fetch-Site: same-origin
Sec-Fetch-Mode: navigate
Sec-Fetch-User: ?1
Referer: http://127.0.0.1/s.cgi?wd=sdsd
Accept-Encoding: gzip, deflate, br
Accept-Language: en-US,en;q=0.9,zh-CN;q=0.8,zh;q=0.7


2020-03-20 16:01:30 accept by 127.0.0.1
2020-03-20 16:01:30 GET /images/bdlogo.gif HTTP/1.1
Host: 127.0.0.1
Connection: keep-alive
User-Agent: Mozilla/5.0 (X11; Linux x86_64) AppleWebKit/537.36 (KHTML, like Gecko) Chrome/80.0.3987.122 Safari/537.36
Sec-Fetch-Dest: image
Accept: image/webp,image/apng,image/*,*/*;q=0.8
Sec-Fetch-Site: same-origin
Sec-Fetch-Mode: no-cors
Referer: http://127.0.0.1/s.cgi?wd=sdsd
Accept-Encoding: gzip, deflate, br
Accept-Language: en-US,en;q=0.9,zh-CN;q=0.8,zh;q=0.7


2020-03-20 16:01:31 accept by 127.0.0.1
2020-03-20 16:01:31 GET /s.cgi?wd=sdsd HTTP/1.1
Host: 127.0.0.1
Connection: keep-alive
Upgrade-Insecure-Requests: 1
User-Agent: Mozilla/5.0 (X11; Linux x86_64) AppleWebKit/537.36 (KHTML, like Gecko) Chrome/80.0.3987.122 Safari/537.36
Sec-Fetch-Dest: document
Accept: text/html,application/xhtml+xml,application/xml;q=0.9,image/webp,image/apng,*/*;q=0.8,application/signed-exchange;v=b3;q=0.9
Sec-Fetch-Site: same-origin
Sec-Fetch-Mode: navigate
Sec-Fetch-User: ?1
Referer: http://127.0.0.1/s.cgi?wd=sdsd
Accept-Encoding: gzip, deflate, br
Accept-Language: en-US,en;q=0.9,zh-CN;q=0.8,zh;q=0.7


2020-03-20 16:01:31 accept by 127.0.0.1
2020-03-20 16:01:31 GET /images/bdlogo.gif HTTP/1.1
Host: 127.0.0.1
Connection: keep-alive
User-Agent: Mozilla/5.0 (X11; Linux x86_64) AppleWebKit/537.36 (KHTML, like Gecko) Chrome/80.0.3987.122 Safari/537.36
Sec-Fetch-Dest: image
Accept: image/webp,image/apng,image/*,*/*;q=0.8
Sec-Fetch-Site: same-origin
Sec-Fetch-Mode: no-cors
Referer: http://127.0.0.1/s.cgi?wd=sdsd
Accept-Encoding: gzip, deflate, br
Accept-Language: en-US,en;q=0.9,zh-CN;q=0.8,zh;q=0.7


2020-03-20 16:01:31 accept by 127.0.0.1
2020-03-20 16:01:31 GET /s.cgi?wd=sdsd HTTP/1.1
Host: 127.0.0.1
Connection: keep-alive
Upgrade-Insecure-Requests: 1
User-Agent: Mozilla/5.0 (X11; Linux x86_64) AppleWebKit/537.36 (KHTML, like Gecko) Chrome/80.0.3987.122 Safari/537.36
Sec-Fetch-Dest: document
Accept: text/html,application/xhtml+xml,application/xml;q=0.9,image/webp,image/apng,*/*;q=0.8,application/signed-exchange;v=b3;q=0.9
Sec-Fetch-Site: same-origin
Sec-Fetch-Mode: navigate
Sec-Fetch-User: ?1
Referer: http://127.0.0.1/s.cgi?wd=sdsd
Accept-Encoding: gzip, deflate, br
Accept-Language: en-US,en;q=0.9,zh-CN;q=0.8,zh;q=0.7


2020-03-20 16:01:31 accept by 127.0.0.1
2020-03-20 16:01:31 GET /images/bdlogo.gif HTTP/1.1
Host: 127.0.0.1
Connection: keep-alive
User-Agent: Mozilla/5.0 (X11; Linux x86_64) AppleWebKit/537.36 (KHTML, like Gecko) Chrome/80.0.3987.122 Safari/537.36
Sec-Fetch-Dest: image
Accept: image/webp,image/apng,image/*,*/*;q=0.8
Sec-Fetch-Site: same-origin
Sec-Fetch-Mode: no-cors
Referer: http://127.0.0.1/s.cgi?wd=sdsd
Accept-Encoding: gzip, deflate, br
Accept-Language: en-US,en;q=0.9,zh-CN;q=0.8,zh;q=0.7


2020-03-20 16:01:32 accept by 127.0.0.1
2020-03-20 16:01:32 GET /s.cgi?wd=sdsd HTTP/1.1
Host: 127.0.0.1
Connection: keep-alive
Upgrade-Insecure-Requests: 1
User-Agent: Mozilla/5.0 (X11; Linux x86_64) AppleWebKit/537.36 (KHTML, like Gecko) Chrome/80.0.3987.122 Safari/537.36
Sec-Fetch-Dest: document
Accept: text/html,application/xhtml+xml,application/xml;q=0.9,image/webp,image/apng,*/*;q=0.8,application/signed-exchange;v=b3;q=0.9
Sec-Fetch-Site: same-origin
Sec-Fetch-Mode: navigate
Sec-Fetch-User: ?1
Referer: http://127.0.0.1/s.cgi?wd=sdsd
Accept-Encoding: gzip, deflate, br
Accept-Language: en-US,en;q=0.9,zh-CN;q=0.8,zh;q=0.7


2020-03-20 16:01:32 accept by 127.0.0.1
2020-03-20 16:01:32 GET /images/bdlogo.gif HTTP/1.1
Host: 127.0.0.1
Connection: keep-alive
User-Agent: Mozilla/5.0 (X11; Linux x86_64) AppleWebKit/537.36 (KHTML, like Gecko) Chrome/80.0.3987.122 Safari/537.36
Sec-Fetch-Dest: image
Accept: image/webp,image/apng,image/*,*/*;q=0.8
Sec-Fetch-Site: same-origin
Sec-Fetch-Mode: no-cors
Referer: http://127.0.0.1/s.cgi?wd=sdsd
Accept-Encoding: gzip, deflate, br
Accept-Language: en-US,en;q=0.9,zh-CN;q=0.8,zh;q=0.7


2020-03-20 16:01:36 accept by 127.0.0.1
2020-03-20 16:01:36 accept by 127.0.0.1
2020-03-20 16:01:54 signal SIGTERM
2020-03-20 16:01:54 myhttp end
2020-03-20 16:01:57 myhttp begin
2020-03-20 16:02:40 accept by 127.0.0.1
2020-03-20 16:02:40 GET /hello.cgi HTTP/1.1
Host: 127.0.0.1
Connection: keep-alive
Upgrade-Insecure-Requests: 1
User-Agent: Mozilla/5.0 (X11; Linux x86_64) AppleWebKit/537.36 (KHTML, like Gecko) Chrome/80.0.3987.122 Safari/537.36
Sec-Fetch-Dest: document
Accept: text/html,application/xhtml+xml,application/xml;q=0.9,image/webp,image/apng,*/*;q=0.8,application/signed-exchange;v=b3;q=0.9
Sec-Fetch-Site: none
Sec-Fetch-Mode: navigate
Sec-Fetch-User: ?1
Accept-Encoding: gzip, deflate, br
Accept-Language: en-US,en;q=0.9,zh-CN;q=0.8,zh;q=0.7


2020-03-20 16:02:40 accept by 127.0.0.1
2020-03-20 16:02:40 GET /wyz.jpg HTTP/1.1
Host: 127.0.0.1
Connection: keep-alive
User-Agent: Mozilla/5.0 (X11; Linux x86_64) AppleWebKit/537.36 (KHTML, like Gecko) Chrome/80.0.3987.122 Safari/537.36
Sec-Fetch-Dest: image
Accept: image/webp,image/apng,image/*,*/*;q=0.8
Sec-Fetch-Site: same-origin
Sec-Fetch-Mode: no-cors
Referer: http://127.0.0.1/hello.cgi
Accept-Encoding: gzip, deflate, br
Accept-Language: en-US,en;q=0.9,zh-CN;q=0.8,zh;q=0.7


2020-03-20 16:02:51 accept by 127.0.0.1
2020-03-20 16:02:51 accept by 127.0.0.1
2020-03-20 16:02:51 GET /hello.cgi HTTP/1.1
Host: 127.0.0.1
Connection: keep-alive
Cache-Control: max-age=0
Upgrade-Insecure-Requests: 1
User-Agent: Mozilla/5.0 (X11; Linux x86_64) AppleWebKit/537.36 (KHTML, like Gecko) Chrome/80.0.3987.122 Safari/537.36
Sec-Fetch-Dest: document
Accept: text/html,application/xhtml+xml,application/xml;q=0.9,image/webp,image/apng,*/*;q=0.8,application/signed-exchange;v=b3;q=0.9
Sec-Fetch-Site: none
Sec-Fetch-Mode: navigate
Sec-Fetch-User: ?1
Accept-Encoding: gzip, deflate, br
Accept-Language: en-US,en;q=0.9,zh-CN;q=0.8,zh;q=0.7


2020-03-20 16:02:51 GET /wyz.jpg HTTP/1.1
Host: 127.0.0.1
Connection: keep-alive
User-Agent: Mozilla/5.0 (X11; Linux x86_64) AppleWebKit/537.36 (KHTML, like Gecko) Chrome/80.0.3987.122 Safari/537.36
Sec-Fetch-Dest: image
Accept: image/webp,image/apng,image/*,*/*;q=0.8
Sec-Fetch-Site: same-origin
Sec-Fetch-Mode: no-cors
Referer: http://127.0.0.1/hello.cgi
Accept-Encoding: gzip, deflate, br
Accept-Language: en-US,en;q=0.9,zh-CN;q=0.8,zh;q=0.7


2020-03-20 16:02:51 accept by 127.0.0.1
2020-03-20 16:02:51 GET /favicon.ico HTTP/1.1
Host: 127.0.0.1
Connection: keep-alive
Pragma: no-cache
Cache-Control: no-cache
User-Agent: Mozilla/5.0 (X11; Linux x86_64) AppleWebKit/537.36 (KHTML, like Gecko) Chrome/80.0.3987.122 Safari/537.36
Sec-Fetch-Dest: image
Accept: image/webp,image/apng,image/*,*/*;q=0.8
Sec-Fetch-Site: same-origin
Sec-Fetch-Mode: no-cors
Referer: http://127.0.0.1/hello.cgi
Accept-Encoding: gzip, deflate, br
Accept-Language: en-US,en;q=0.9,zh-CN;q=0.8,zh;q=0.7


2020-03-20 16:04:02 signal SIGTERM
2020-03-20 16:04:02 myhttp end
2020-03-20 16:09:10 myhttp begin
2020-03-20 16:09:16 accept by 127.0.0.1
2020-03-20 16:09:16 accept by 127.0.0.1
2020-03-20 16:09:16 GET / HTTP/1.1
Host: 127.0.0.1
Connection: keep-alive
Upgrade-Insecure-Requests: 1
User-Agent: Mozilla/5.0 (X11; Linux x86_64) AppleWebKit/537.36 (KHTML, like Gecko) Chrome/80.0.3987.122 Safari/537.36
Sec-Fetch-Dest: document
Accept: text/html,application/xhtml+xml,application/xml;q=0.9,image/webp,image/apng,*/*;q=0.8,application/signed-exchange;v=b3;q=0.9
Sec-Fetch-Site: none
Sec-Fetch-Mode: navigate
Sec-Fetch-User: ?1
Accept-Encoding: gzip, deflate, br
Accept-Language: en-US,en;q=0.9,zh-CN;q=0.8,zh;q=0.7


2020-03-20 16:09:16 GET /images/bdlogo.gif HTTP/1.1
Host: 127.0.0.1
Connection: keep-alive
User-Agent: Mozilla/5.0 (X11; Linux x86_64) AppleWebKit/537.36 (KHTML, like Gecko) Chrome/80.0.3987.122 Safari/537.36
Sec-Fetch-Dest: image
Accept: image/webp,image/apng,image/*,*/*;q=0.8
Sec-Fetch-Site: same-origin
Sec-Fetch-Mode: no-cors
Referer: http://127.0.0.1/
Accept-Encoding: gzip, deflate, br
Accept-Language: en-US,en;q=0.9,zh-CN;q=0.8,zh;q=0.7


2020-03-20 16:10:16 accept by 127.0.0.1
2020-03-20 16:10:16 GET /cgi/hello.cgi HTTP/1.1
Host: 127.0.0.1
Connection: keep-alive
Upgrade-Insecure-Requests: 1
User-Agent: Mozilla/5.0 (X11; Linux x86_64) AppleWebKit/537.36 (KHTML, like Gecko) Chrome/80.0.3987.122 Safari/537.36
Sec-Fetch-Dest: document
Accept: text/html,application/xhtml+xml,application/xml;q=0.9,image/webp,image/apng,*/*;q=0.8,application/signed-exchange;v=b3;q=0.9
Sec-Fetch-Site: none
Sec-Fetch-Mode: navigate
Sec-Fetch-User: ?1
Accept-Encoding: gzip, deflate, br
Accept-Language: en-US,en;q=0.9,zh-CN;q=0.8,zh;q=0.7


2020-03-20 16:10:16 accept by 127.0.0.1
2020-03-20 16:10:16 GET /cgi/YBX.jpg HTTP/1.1
Host: 127.0.0.1
Connection: keep-alive
User-Agent: Mozilla/5.0 (X11; Linux x86_64) AppleWebKit/537.36 (KHTML, like Gecko) Chrome/80.0.3987.122 Safari/537.36
Sec-Fetch-Dest: image
Accept: image/webp,image/apng,image/*,*/*;q=0.8
Sec-Fetch-Site: same-origin
Sec-Fetch-Mode: no-cors
Referer: http://127.0.0.1/cgi/hello.cgi
Accept-Encoding: gzip, deflate, br
Accept-Language: en-US,en;q=0.9,zh-CN;q=0.8,zh;q=0.7


2020-03-20 16:11:04 signal SIGTERM
2020-03-20 16:11:04 myhttp end
2020-03-20 16:24:54 myhttp begin
2020-03-20 16:25:07 accept by 127.0.0.1
2020-03-20 16:25:07 GET /cgi/hello.cgi HTTP/1.1
Host: 127.0.0.1
Connection: keep-alive
Upgrade-Insecure-Requests: 1
User-Agent: Mozilla/5.0 (X11; Linux x86_64) AppleWebKit/537.36 (KHTML, like Gecko) Chrome/80.0.3987.122 Safari/537.36
Sec-Fetch-Dest: document
Accept: text/html,application/xhtml+xml,application/xml;q=0.9,image/webp,image/apng,*/*;q=0.8,application/signed-exchange;v=b3;q=0.9
Sec-Fetch-Site: none
Sec-Fetch-Mode: navigate
Sec-Fetch-User: ?1
Accept-Encoding: gzip, deflate, br
Accept-Language: en-US,en;q=0.9,zh-CN;q=0.8,zh;q=0.7


2020-03-20 16:25:07 accept by 127.0.0.1
2020-03-20 16:25:07 GET /cgi/YBX.jpg HTTP/1.1
Host: 127.0.0.1
Connection: keep-alive
User-Agent: Mozilla/5.0 (X11; Linux x86_64) AppleWebKit/537.36 (KHTML, like Gecko) Chrome/80.0.3987.122 Safari/537.36
Sec-Fetch-Dest: image
Accept: image/webp,image/apng,image/*,*/*;q=0.8
Sec-Fetch-Site: same-origin
Sec-Fetch-Mode: no-cors
Referer: http://127.0.0.1/cgi/hello.cgi
Accept-Encoding: gzip, deflate, br
Accept-Language: en-US,en;q=0.9,zh-CN;q=0.8,zh;q=0.7


2020-03-20 16:25:07 accept by 127.0.0.1
2020-03-20 16:25:07 GET /favicon.ico HTTP/1.1
Host: 127.0.0.1
Connection: keep-alive
User-Agent: Mozilla/5.0 (X11; Linux x86_64) AppleWebKit/537.36 (KHTML, like Gecko) Chrome/80.0.3987.122 Safari/537.36
Sec-Fetch-Dest: image
Accept: image/webp,image/apng,image/*,*/*;q=0.8
Sec-Fetch-Site: same-origin
Sec-Fetch-Mode: no-cors
Referer: http://127.0.0.1/cgi/hello.cgi
Accept-Encoding: gzip, deflate, br
Accept-Language: en-US,en;q=0.9,zh-CN;q=0.8,zh;q=0.7


2020-03-20 16:25:15 accept by 127.0.0.1
2020-03-20 16:25:15 GET /cgi/hello.cgi HTTP/1.1
Host: 127.0.0.1
Connection: keep-alive
Cache-Control: max-age=0
Upgrade-Insecure-Requests: 1
User-Agent: Mozilla/5.0 (X11; Linux x86_64) AppleWebKit/537.36 (KHTML, like Gecko) Chrome/80.0.3987.122 Safari/537.36
Sec-Fetch-Dest: document
Accept: text/html,application/xhtml+xml,application/xml;q=0.9,image/webp,image/apng,*/*;q=0.8,application/signed-exchange;v=b3;q=0.9
Sec-Fetch-Site: none
Sec-Fetch-Mode: navigate
Sec-Fetch-User: ?1
Accept-Encoding: gzip, deflate, br
Accept-Language: en-US,en;q=0.9,zh-CN;q=0.8,zh;q=0.7


2020-03-20 16:25:15 accept by 127.0.0.1
2020-03-20 16:25:15 GET /cgi/YBX.jpg HTTP/1.1
Host: 127.0.0.1
Connection: keep-alive
User-Agent: Mozilla/5.0 (X11; Linux x86_64) AppleWebKit/537.36 (KHTML, like Gecko) Chrome/80.0.3987.122 Safari/537.36
Sec-Fetch-Dest: image
Accept: image/webp,image/apng,image/*,*/*;q=0.8
Sec-Fetch-Site: same-origin
Sec-Fetch-Mode: no-cors
Referer: http://127.0.0.1/cgi/hello.cgi
Accept-Encoding: gzip, deflate, br
Accept-Language: en-US,en;q=0.9,zh-CN;q=0.8,zh;q=0.7


2020-03-20 16:25:29 signal SIGTERM
2020-03-20 16:25:29 myhttp end
