d:\0223基础班\c基础第11天（复合类型）\02代码\day11\day11\debug\vc140.pdb
d:\0223基础班\c基础第11天（复合类型）\02代码\day11\day11\debug\vc140.idb
d:\0223基础班\c基础第11天（复合类型）\02代码\day11\day11\debug\01打字游戏.obj
d:\0223基础班\c基础第11天（复合类型）\02代码\day11\day11\debug\02结构体.obj
d:\0223基础班\c基础第11天（复合类型）\02代码\day11\day11\debug\03结构体大小和内存结构.obj
d:\0223基础班\c基础第11天（复合类型）\02代码\day11\day11\debug\04结构体数组.obj
d:\0223基础班\c基础第11天（复合类型）\02代码\day11\day11\debug\05案例：学生成绩.obj
d:\0223基础班\c基础第11天（复合类型）\02代码\day11\day11\debug\06结构体成员为指针.obj
d:\0223基础班\c基础第11天（复合类型）\02代码\day11\day11\debug\07结构体指针.obj
d:\0223基础班\c基础第11天（复合类型）\02代码\day11\day11\debug\08堆空间开辟结构体.obj
d:\0223基础班\c基础第11天（复合类型）\02代码\day11\day11\debug\09案例：学生成绩.obj
d:\0223基础班\c基础第11天（复合类型）\02代码\day11\day11\debug\10结构体和函数.obj
d:\0223基础班\c基础第11天（复合类型）\02代码\day11\day11\debug\11案例：学生成绩.obj
d:\0223基础班\c基础第11天（复合类型）\02代码\day11\debug\day11.ilk
d:\0223基础班\c基础第11天（复合类型）\02代码\day11\debug\day11.exe
d:\0223基础班\c基础第11天（复合类型）\02代码\day11\debug\day11.pdb
d:\0223基础班\c基础第11天（复合类型）\02代码\day11\day11\debug\day11.tlog\cl.command.1.tlog
d:\0223基础班\c基础第11天（复合类型）\02代码\day11\day11\debug\day11.tlog\cl.read.1.tlog
d:\0223基础班\c基础第11天（复合类型）\02代码\day11\day11\debug\day11.tlog\cl.write.1.tlog
d:\0223基础班\c基础第11天（复合类型）\02代码\day11\day11\debug\day11.tlog\link.command.1.tlog
d:\0223基础班\c基础第11天（复合类型）\02代码\day11\day11\debug\day11.tlog\link.read.1.tlog
d:\0223基础班\c基础第11天（复合类型）\02代码\day11\day11\debug\day11.tlog\link.write.1.tlog
